<?xml version="1.0" encoding="UTF-8"?>
<!-- Generated by org.testng.reporters.JUnitReportReporter -->
<testsuite hostname="Mano0809" failures="0" tests="1" name="com.Acxhange.DataDrivenTest" time="4.656" errors="0" timestamp="2024-12-10T09:36:52 IST" skipped="0">
  <testcase classname="com.Acxhange.DataDrivenTest" name="testLogin" time="4.656"/>
</testsuite> <!-- com.Acxhange.DataDrivenTest -->
