<?xml version="1.0" encoding="UTF-8"?>
<!-- Generated by org.testng.reporters.JUnitReportReporter -->
<testsuite hostname="Mano0809" failures="0" tests="3" name="com.Acxhange.DependsOnMethodsExample" time="0.010" errors="0" timestamp="2024-12-06T15:38:16 IST" skipped="0">
  <testcase classname="com.Acxhange.DependsOnMethodsExample" name="testExecution" time="0.001"/>
  <testcase classname="com.Acxhange.DependsOnMethodsExample" name="testClosure" time="0.001"/>
  <testcase classname="com.Acxhange.DependsOnMethodsExample" name="testSetup" time="0.008"/>
</testsuite> <!-- com.Acxhange.DependsOnMethodsExample -->
