<?xml version="1.0" encoding="UTF-8"?>
<!-- Generated by org.testng.reporters.JUnitReportReporter -->
<testsuite hostname="Mano0809" failures="0" tests="1" name="com.Acxhange.sample_constructor" time="0.008" errors="0" timestamp="2024-12-10T15:36:45 IST" skipped="0">
  <testcase classname="com.Acxhange.sample_constructor" name="testConstructorRunner" time="0.008"/>
</testsuite> <!-- com.Acxhange.sample_constructor -->
