<?xml version="1.0" encoding="UTF-8"?>
<!-- Generated by org.testng.reporters.JUnitReportReporter -->
<testsuite hostname="Mano0809" failures="0" tests="3" name="com.Acxhange.priority" time="0.017" errors="0" timestamp="2024-12-06T12:44:50 IST" skipped="0">
  <testcase classname="com.Acxhange.priority" name="testLogout" time="0.013"/>
  <testcase classname="com.Acxhange.priority" name="testLogin" time="0.002"/>
  <testcase classname="com.Acxhange.priority" name="testDashboard" time="0.002"/>
</testsuite> <!-- com.Acxhange.priority -->
