<?xml version="1.0" encoding="UTF-8"?>
<!-- Generated by org.testng.reporters.JUnitReportReporter -->
<testsuite hostname="Mano0809" failures="0" tests="2" name="com.Acxhange.TestNGExample" time="0.020" errors="0" timestamp="2024-12-06T12:27:04 IST" skipped="0">
  <testcase classname="com.Acxhange.TestNGExample" name="Cat" time="0.015"/>
  <testcase classname="com.Acxhange.TestNGExample" name="Dog" time="0.005"/>
</testsuite> <!-- com.Acxhange.TestNGExample -->
