<?xml version="1.0" encoding="UTF-8"?>
<!-- Generated by org.testng.reporters.JUnitReportReporter -->
<testsuite hostname="Mano0809" failures="0" tests="2" name="com.Acxhange.EnabledExample" time="0.017" errors="0" timestamp="2024-12-06T15:38:58 IST" skipped="1">
  <testcase classname="com.Acxhange.EnabledExample" name="testActive" time="0.017"/>
  <testcase classname="com.Acxhange.EnabledExample" name="testSkipped">
    <skipped/>
  </testcase> <!-- testSkipped -->
</testsuite> <!-- com.Acxhange.EnabledExample -->
