<?xml version="1.0" encoding="UTF-8"?>
<!-- Generated by org.testng.reporters.JUnitReportReporter -->
<testsuite hostname="Mano0809" failures="0" tests="1" name="com.Acxhange.TimeoutExample" time="1.042" errors="0" timestamp="2024-12-06T14:36:06 IST" skipped="0">
  <testcase classname="com.Acxhange.TimeoutExample" name="testmethod1" time="1.042"/>
</testsuite> <!-- com.Acxhange.TimeoutExample -->
