<?xml version="1.0" encoding="UTF-8"?>
<!-- Generated by org.testng.reporters.JUnitReportReporter -->
<testsuite hostname="Mano0809" failures="0" tests="1" name="com.Acxhange.GroupsExample" time="0.009" errors="0" timestamp="2024-12-06T15:37:15 IST" skipped="0">
  <testcase classname="com.Acxhange.GroupsExample" name="closure" time="0.009"/>
</testsuite> <!-- com.Acxhange.GroupsExample -->
