<?xml version="1.0" encoding="UTF-8"?>
<!-- Generated by org.testng.reporters.JUnitReportReporter -->
<testsuite hostname="Mano0809" failures="0" tests="1" name="com.Acxhange.Browser_Launch" time="8.604" errors="0" timestamp="2024-12-13T10:19:39 IST" skipped="0">
  <testcase classname="com.Acxhange.Browser_Launch" name="ChromeBrowser" time="8.604"/>
</testsuite> <!-- com.Acxhange.Browser_Launch -->
