<?xml version="1.0" encoding="UTF-8"?>
<!-- Generated by org.testng.reporters.JUnitReportReporter -->
<testsuite hostname="Mano0809" failures="0" tests="1" name="com.Acxhange.Browser_Launch" time="11.936" errors="0" timestamp="2024-12-10T15:26:17 IST" skipped="0">
  <testcase classname="com.Acxhange.Browser_Launch" name="ChromeBrowser" time="11.936"/>
</testsuite> <!-- com.Acxhange.Browser_Launch -->
